#
# There is insufficient memory for the Java Runtime Environment to continue.
# Native memory allocation (malloc) failed to allocate 986576 bytes for Chunk::new
# Possible reasons:
#   The system is out of physical RAM or swap space
#   The process is running with CompressedOops enabled, and the Java Heap may be blocking the growth of the native heap
# Possible solutions:
#   Reduce memory load on the system
#   Increase physical memory or swap space
#   Check if swap backing store is full
#   Decrease Java heap size (-Xmx/-Xms)
#   Decrease number of Java threads
#   Decrease Java thread stack sizes (-Xss)
#   Set larger code cache with -XX:ReservedCodeCacheSize=
#   JVM is running with Unscaled Compressed Oops mode in which the Java heap is
#     placed in the first 4GB address space. The Java Heap base address is the
#     maximum limit for the native heap growth. Please use -XX:HeapBaseMinAddress
#     to set the Java Heap base and to place the Java Heap above 4GB virtual address.
# This output file may be truncated or incomplete.
#
#  Out of Memory Error (c:/ws/UEp/Corretto11Src/installers/windows/zip/corretto-build/buildRoot/src/src/hotspot/share/memory/arena.cpp:197), pid=153228, tid=151376
#
# JRE version: OpenJDK Runtime Environment (11.0.6+10) (build 11.0.6+10-LTS)
# Java VM: OpenJDK 64-Bit Server VM (11.0.6+10-LTS, mixed mode, tiered, compressed oops, g1 gc, windows-amd64)
# No core dump will be written. Minidumps are not enabled by default on client versions of Windows
#

---------------  S U M M A R Y ------------

Command Line: --add-opens=java.base/java.util=ALL-UNNAMED --add-opens=java.base/java.lang=ALL-UNNAMED --add-opens=java.base/java.lang.invoke=ALL-UNNAMED --add-opens=java.prefs/java.util.prefs=ALL-UNNAMED -Xmx1536m -Dfile.encoding=windows-1252 -Duser.country=US -Duser.language=en -Duser.variant org.gradle.launcher.daemon.bootstrap.GradleDaemon 5.6.4

Host: Intel(R) Core(TM) i5-7300HQ CPU @ 2.50GHz, 4 cores, 7G,  Windows 10 , 64 bit Build 18362 (10.0.18362.329)
Time: Wed May 27 11:09:48 2020 Nepal Standard Time elapsed time: 517 seconds (0d 0h 8m 37s)

---------------  T H R E A D  ---------------

Current thread (0x000002cf32db9800):  JavaThread "C2 CompilerThread0" daemon [_thread_in_native, id=151376, stack(0x000000f290400000,0x000000f290500000)]


Current CompileTask:
C2: 517542 14218       4       org.gradle.internal.graph.CachingDirectedGraphWalker::doSearch (659 bytes)

Stack: [0x000000f290400000,0x000000f290500000]
Native frames: (J=compiled Java code, j=interpreted, Vv=VM code, C=native code)
V  [jvm.dll+0x5db48a]
V  [jvm.dll+0x7114ae]
V  [jvm.dll+0x712b47]
V  [jvm.dll+0x713213]
V  [jvm.dll+0x23fe78]
V  [jvm.dll+0xb8f0c]
V  [jvm.dll+0xb949c]
V  [jvm.dll+0x2af924]
V  [jvm.dll+0x4fc5bf]
V  [jvm.dll+0x1fb811]
V  [jvm.dll+0x1f8ddf]
V  [jvm.dll+0x17d96c]
V  [jvm.dll+0x2080b7]
V  [jvm.dll+0x20639b]
V  [jvm.dll+0x6d738c]
V  [jvm.dll+0x6d04bc]
V  [jvm.dll+0x5da416]
C  [ucrtbase.dll+0x20e72]
C  [KERNEL32.DLL+0x17bd4]
C  [ntdll.dll+0x6ced1]


---------------  P R O C E S S  ---------------

Threads class SMR info:
_java_thread_list=0x000002cf3c4e8a20, length=37, elements={
0x000002cf1594b000, 0x000002cf32d97000, 0x000002cf32d98800, 0x000002cf32db4800,
0x000002cf32db7000, 0x000002cf32db9800, 0x000002cf3375d000, 0x000002cf33774800,
0x000002cf3385f000, 0x000002cf33879800, 0x000002cf34d1b000, 0x000002cf34c59000,
0x000002cf348da800, 0x000002cf35125000, 0x000002cf35124000, 0x000002cf35123000,
0x000002cf3512a000, 0x000002cf36458800, 0x000002cf3645c800, 0x000002cf3645e000,
0x000002cf35ee4000, 0x000002cf35edf000, 0x000002cf35ee0800, 0x000002cf35ee0000,
0x000002cf35ee1800, 0x000002cf35ee2000, 0x000002cf35ee3000, 0x000002cf35ede000,
0x000002cf35ee6800, 0x000002cf35ee7000, 0x000002cf35eea800, 0x000002cf35ee8000,
0x000002cf35ee9800, 0x000002cf35ee9000, 0x000002cf35ee4800, 0x000002cf35eeb000,
0x000002cf35ee5800
}

Java Threads: ( => current thread )
  0x000002cf1594b000 JavaThread "main" [_thread_blocked, id=126996, stack(0x000000f28f900000,0x000000f28fa00000)]
  0x000002cf32d97000 JavaThread "Reference Handler" daemon [_thread_blocked, id=125028, stack(0x000000f290000000,0x000000f290100000)]
  0x000002cf32d98800 JavaThread "Finalizer" daemon [_thread_blocked, id=125672, stack(0x000000f290100000,0x000000f290200000)]
  0x000002cf32db4800 JavaThread "Signal Dispatcher" daemon [_thread_blocked, id=154272, stack(0x000000f290200000,0x000000f290300000)]
  0x000002cf32db7000 JavaThread "Attach Listener" daemon [_thread_blocked, id=158096, stack(0x000000f290300000,0x000000f290400000)]
=>0x000002cf32db9800 JavaThread "C2 CompilerThread0" daemon [_thread_in_native, id=151376, stack(0x000000f290400000,0x000000f290500000)]
  0x000002cf3375d000 JavaThread "C1 CompilerThread0" daemon [_thread_blocked, id=121924, stack(0x000000f290500000,0x000000f290600000)]
  0x000002cf33774800 JavaThread "Sweeper thread" daemon [_thread_blocked, id=157164, stack(0x000000f290600000,0x000000f290700000)]
  0x000002cf3385f000 JavaThread "Common-Cleaner" daemon [_thread_blocked, id=159768, stack(0x000000f290700000,0x000000f290800000)]
  0x000002cf33879800 JavaThread "Service Thread" daemon [_thread_blocked, id=142764, stack(0x000000f290800000,0x000000f290900000)]
  0x000002cf34d1b000 JavaThread "Daemon health stats" [_thread_blocked, id=157952, stack(0x000000f290b00000,0x000000f290c00000)]
  0x000002cf34c59000 JavaThread "Incoming local TCP Connector on port 63937" [_thread_in_native, id=156388, stack(0x000000f290c00000,0x000000f290d00000)]
  0x000002cf348da800 JavaThread "Daemon periodic checks" [_thread_blocked, id=156248, stack(0x000000f290d00000,0x000000f290e00000)]
  0x000002cf35125000 JavaThread "Cache worker for file hash cache (C:\Users\Z\.gradle\caches\5.6.4\fileHashes)" [_thread_blocked, id=153748, stack(0x000000f291500000,0x000000f291600000)]
  0x000002cf35124000 JavaThread "File lock request listener" [_thread_in_native, id=132300, stack(0x000000f291600000,0x000000f291700000)]
  0x000002cf35123000 JavaThread "Cache worker for journal cache (C:\Users\Z\.gradle\caches\journal-1)" [_thread_blocked, id=155584, stack(0x000000f291700000,0x000000f291800000)]
  0x000002cf3512a000 JavaThread "Cache worker for execution history cache (C:\Users\Z\.gradle\caches\5.6.4\executionHistory)" [_thread_blocked, id=156012, stack(0x000000f291e00000,0x000000f291f00000)]
  0x000002cf36458800 JavaThread "Memory manager" [_thread_blocked, id=155012, stack(0x000000f292400000,0x000000f292500000)]
  0x000002cf3645c800 JavaThread "Cache worker for file content cache (C:\Users\Z\.gradle\caches\5.6.4\fileContent)" [_thread_blocked, id=154188, stack(0x000000f292500000,0x000000f292600000)]
  0x000002cf3645e000 JavaThread "Cache worker for Java compile cache (C:\Users\Z\.gradle\caches\5.6.4\javaCompile)" [_thread_blocked, id=144132, stack(0x000000f292c00000,0x000000f292d00000)]
  0x000002cf35ee4000 JavaThread "ForkJoinPool.commonPool-worker-5" daemon [_thread_blocked, id=130568, stack(0x000000f293300000,0x000000f293400000)]
  0x000002cf35edf000 JavaThread "Daemon Thread 2" [_thread_blocked, id=142920, stack(0x000000f28f600000,0x000000f28f700000)]
  0x000002cf35ee0800 JavaThread "Handler for socket connection from /127.0.0.1:63937 to /127.0.0.1:64053" [_thread_in_native, id=157268, stack(0x000000f28f700000,0x000000f28f800000)]
  0x000002cf35ee0000 JavaThread "Cancel handler" [_thread_blocked, id=159576, stack(0x000000f28f800000,0x000000f28f900000)]
  0x000002cf35ee1800 JavaThread "Daemon worker Thread 2" [_thread_in_Java, id=158300, stack(0x000000f290e00000,0x000000f290f00000)]
  0x000002cf35ee2000 JavaThread "Asynchronous log dispatcher for DefaultDaemonConnection: socket connection from /127.0.0.1:63937 to /127.0.0.1:64053" [_thread_blocked, id=148472, stack(0x000000f290f00000,0x000000f291000000)]
  0x000002cf35ee3000 JavaThread "Stdin handler" [_thread_blocked, id=155832, stack(0x000000f291000000,0x000000f291100000)]
  0x000002cf35ede000 JavaThread "Thread-41" [_thread_blocked, id=153616, stack(0x000000f291100000,0x000000f291200000)]
  0x000002cf35ee6800 JavaThread "Cache worker for file hash cache (C:\Users\Z\Downloads\BUSNAV(SEARCH)(1)\BUSNAV(SEARCH)\BUS_NAV\.gradle\5.6.4\fileHashes)" [_thread_blocked, id=116072, stack(0x000000f291200000,0x000000f291300000)]
  0x000002cf35ee7000 JavaThread "Cache worker for cache directory md-supplier (C:\Users\Z\.gradle\caches\5.6.4\md-supplier)" [_thread_blocked, id=143188, stack(0x000000f291300000,0x000000f291400000)]
  0x000002cf35eea800 JavaThread "Cache worker for cache directory md-rule (C:\Users\Z\.gradle\caches\5.6.4\md-rule)" [_thread_blocked, id=141460, stack(0x000000f291400000,0x000000f291500000)]
  0x000002cf35ee8000 JavaThread "Build operations" [_thread_blocked, id=113000, stack(0x000000f291a00000,0x000000f291b00000)]
  0x000002cf35ee9800 JavaThread "Build operations Thread 2" [_thread_blocked, id=143124, stack(0x000000f291b00000,0x000000f291c00000)]
  0x000002cf35ee9000 JavaThread "Build operations Thread 3" [_thread_blocked, id=158224, stack(0x000000f291c00000,0x000000f291d00000)]
  0x000002cf35ee4800 JavaThread "Build operations Thread 4" [_thread_blocked, id=114056, stack(0x000000f291d00000,0x000000f291e00000)]
  0x000002cf35eeb000 JavaThread "Cache worker for Build Output Cleanup Cache (C:\Users\Z\Downloads\BUSNAV(SEARCH)(1)\BUSNAV(SEARCH)\BUS_NAV\.gradle\buildOutputCleanup)" [_thread_blocked, id=150016, stack(0x000000f291f00000,0x000000f292000000)]
  0x000002cf35ee5800 JavaThread "Cache worker for file content cache (C:\Users\Z\Downloads\BUSNAV(SEARCH)(1)\BUSNAV(SEARCH)\BUS_NAV\.gradle\5.6.4\fileContent)" [_thread_blocked, id=157876, stack(0x000000f292000000,0x000000f292100000)]

Other Threads:
  0x000002cf32d72000 VMThread "VM Thread" [stack: 0x000000f28ff00000,0x000000f290000000] [id=129020]
  0x000002cf3389b000 WatcherThread [stack: 0x000000f290900000,0x000000f290a00000] [id=158340]
  0x000002cf15964800 GCTaskThread "GC Thread#0" [stack: 0x000000f28fa00000,0x000000f28fb00000] [id=159468]
  0x000002cf33a86800 GCTaskThread "GC Thread#1" [stack: 0x000000f290a00000,0x000000f290b00000] [id=142484]
  0x000002cf33ad8800 GCTaskThread "GC Thread#2" [stack: 0x000000f291800000,0x000000f291900000] [id=154824]
  0x000002cf33bf5800 GCTaskThread "GC Thread#3" [stack: 0x000000f291900000,0x000000f291a00000] [id=149304]
  0x000002cf15989000 ConcurrentGCThread "G1 Main Marker" [stack: 0x000000f28fb00000,0x000000f28fc00000] [id=159860]
  0x000002cf1598c800 ConcurrentGCThread "G1 Conc#0" [stack: 0x000000f28fc00000,0x000000f28fd00000] [id=130364]
  0x000002cf15a05000 ConcurrentGCThread "G1 Refine#0" [stack: 0x000000f28fd00000,0x000000f28fe00000] [id=110616]
  0x000002cf15a06000 ConcurrentGCThread "G1 Young RemSet Sampling" [stack: 0x000000f28fe00000,0x000000f28ff00000] [id=158460]

Threads with active compile tasks:
C2 CompilerThread0 517600 14218       4       org.gradle.internal.graph.CachingDirectedGraphWalker::doSearch (659 bytes)

VM state:not at safepoint (normal execution)

VM Mutex/Monitor currently owned by a thread: None

Heap address: 0x00000000a0000000, size: 1536 MB, Compressed Oops mode: 32-bit
Narrow klass base: 0x0000000000000000, Narrow klass shift: 3
Compressed class space size: 1073741824 Address: 0x0000000100000000

Heap:
 garbage-first heap   total 183296K, used 154368K [0x00000000a0000000, 0x0000000100000000)
  region size 1024K, 18 young (18432K), 3 survivors (3072K)
 Metaspace       used 98218K, capacity 100680K, committed 100812K, reserved 1136640K
  class space    used 12474K, capacity 13271K, committed 13312K, reserved 1048576K
Heap Regions: E=young(eden), S=young(survivor), O=old, HS=humongous(starts), HC=humongous(continues), CS=collection set, F=free, A=archive, TAMS=top-at-mark-start (previous, next)
|   0|0x00000000a0000000, 0x00000000a0100000, 0x00000000a0100000|100%| O|  |TAMS 0x00000000a0100000, 0x00000000a0000000| Untracked 
|   1|0x00000000a0100000, 0x00000000a0200000, 0x00000000a0200000|100%| O|  |TAMS 0x00000000a0200000, 0x00000000a0100000| Untracked 
|   2|0x00000000a0200000, 0x00000000a0300000, 0x00000000a0300000|100%| O|  |TAMS 0x00000000a0300000, 0x00000000a0200000| Untracked 
|   3|0x00000000a0300000, 0x00000000a0400000, 0x00000000a0400000|100%|HS|  |TAMS 0x00000000a0400000, 0x00000000a0300000| Complete 
|   4|0x00000000a0400000, 0x00000000a0500000, 0x00000000a0500000|100%|HC|  |TAMS 0x00000000a0500000, 0x00000000a0400000| Complete 
|   5|0x00000000a0500000, 0x00000000a0600000, 0x00000000a0600000|100%|HC|  |TAMS 0x00000000a0600000, 0x00000000a0500000| Complete 
|   6|0x00000000a0600000, 0x00000000a0700000, 0x00000000a0700000|100%| O|  |TAMS 0x00000000a0700000, 0x00000000a0600000| Untracked 
|   7|0x00000000a0700000, 0x00000000a0800000, 0x00000000a0800000|100%| O|  |TAMS 0x00000000a0800000, 0x00000000a0700000| Untracked 
|   8|0x00000000a0800000, 0x00000000a0900000, 0x00000000a0900000|100%| O|  |TAMS 0x00000000a0900000, 0x00000000a0800000| Untracked 
|   9|0x00000000a0900000, 0x00000000a0a00000, 0x00000000a0a00000|100%| O|  |TAMS 0x00000000a0a00000, 0x00000000a0900000| Untracked 
|  10|0x00000000a0a00000, 0x00000000a0b00000, 0x00000000a0b00000|100%| O|  |TAMS 0x00000000a0b00000, 0x00000000a0a00000| Untracked 
|  11|0x00000000a0b00000, 0x00000000a0c00000, 0x00000000a0c00000|100%| O|  |TAMS 0x00000000a0c00000, 0x00000000a0b00000| Untracked 
|  12|0x00000000a0c00000, 0x00000000a0d00000, 0x00000000a0d00000|100%| O|  |TAMS 0x00000000a0d00000, 0x00000000a0c00000| Untracked 
|  13|0x00000000a0d00000, 0x00000000a0e00000, 0x00000000a0e00000|100%|HS|  |TAMS 0x00000000a0e00000, 0x00000000a0d00000| Complete 
|  14|0x00000000a0e00000, 0x00000000a0f00000, 0x00000000a0f00000|100%|HC|  |TAMS 0x00000000a0f00000, 0x00000000a0e00000| Complete 
|  15|0x00000000a0f00000, 0x00000000a1000000, 0x00000000a1000000|100%|HS|  |TAMS 0x00000000a1000000, 0x00000000a0f00000| Complete 
|  16|0x00000000a1000000, 0x00000000a1100000, 0x00000000a1100000|100%|HC|  |TAMS 0x00000000a1100000, 0x00000000a1000000| Complete 
|  17|0x00000000a1100000, 0x00000000a1200000, 0x00000000a1200000|100%|HC|  |TAMS 0x00000000a1200000, 0x00000000a1100000| Complete 
|  18|0x00000000a1200000, 0x00000000a1300000, 0x00000000a1300000|100%|HS|  |TAMS 0x00000000a1300000, 0x00000000a1200000| Complete 
|  19|0x00000000a1300000, 0x00000000a1400000, 0x00000000a1400000|100%|HC|  |TAMS 0x00000000a1400000, 0x00000000a1300000| Complete 
|  20|0x00000000a1400000, 0x00000000a1500000, 0x00000000a1500000|100%| O|  |TAMS 0x00000000a1500000, 0x00000000a1400000| Untracked 
|  21|0x00000000a1500000, 0x00000000a1600000, 0x00000000a1600000|100%| O|  |TAMS 0x00000000a1600000, 0x00000000a1500000| Untracked 
|  22|0x00000000a1600000, 0x00000000a1700000, 0x00000000a1700000|100%|HS|  |TAMS 0x00000000a1700000, 0x00000000a1600000| Complete 
|  23|0x00000000a1700000, 0x00000000a1800000, 0x00000000a1800000|100%|HC|  |TAMS 0x00000000a1800000, 0x00000000a1700000| Complete 
|  24|0x00000000a1800000, 0x00000000a1900000, 0x00000000a1900000|100%| O|  |TAMS 0x00000000a1900000, 0x00000000a1800000| Untracked 
|  25|0x00000000a1900000, 0x00000000a1a00000, 0x00000000a1a00000|100%| O|  |TAMS 0x00000000a1a00000, 0x00000000a1900000| Untracked 
|  26|0x00000000a1a00000, 0x00000000a1b00000, 0x00000000a1b00000|100%| O|  |TAMS 0x00000000a1b00000, 0x00000000a1a00000| Untracked 
|  27|0x00000000a1b00000, 0x00000000a1c00000, 0x00000000a1c00000|100%| O|  |TAMS 0x00000000a1c00000, 0x00000000a1b00000| Untracked 
|  28|0x00000000a1c00000, 0x00000000a1d00000, 0x00000000a1d00000|100%| O|  |TAMS 0x00000000a1d00000, 0x00000000a1c00000| Untracked 
|  29|0x00000000a1d00000, 0x00000000a1e00000, 0x00000000a1e00000|100%| O|  |TAMS 0x00000000a1e00000, 0x00000000a1d00000| Untracked 
|  30|0x00000000a1e00000, 0x00000000a1f00000, 0x00000000a1f00000|100%| O|  |TAMS 0x00000000a1f00000, 0x00000000a1e00000| Untracked 
|  31|0x00000000a1f00000, 0x00000000a2000000, 0x00000000a2000000|100%| O|  |TAMS 0x00000000a2000000, 0x00000000a1f00000| Untracked 
|  32|0x00000000a2000000, 0x00000000a2100000, 0x00000000a2100000|100%| O|  |TAMS 0x00000000a2100000, 0x00000000a2000000| Untracked 
|  33|0x00000000a2100000, 0x00000000a2200000, 0x00000000a2200000|100%| O|  |TAMS 0x00000000a2200000, 0x00000000a2100000| Untracked 
|  34|0x00000000a2200000, 0x00000000a2300000, 0x00000000a2300000|100%| O|  |TAMS 0x00000000a2300000, 0x00000000a2200000| Untracked 
|  35|0x00000000a2300000, 0x00000000a2400000, 0x00000000a2400000|100%| O|  |TAMS 0x00000000a2400000, 0x00000000a2300000| Untracked 
|  36|0x00000000a2400000, 0x00000000a2500000, 0x00000000a2500000|100%| O|  |TAMS 0x00000000a2500000, 0x00000000a2400000| Untracked 
|  37|0x00000000a2500000, 0x00000000a2600000, 0x00000000a2600000|100%| O|  |TAMS 0x00000000a2600000, 0x00000000a2500000| Untracked 
|  38|0x00000000a2600000, 0x00000000a2700000, 0x00000000a2700000|100%| O|  |TAMS 0x00000000a2700000, 0x00000000a2600000| Untracked 
|  39|0x00000000a2700000, 0x00000000a2800000, 0x00000000a2800000|100%| O|  |TAMS 0x00000000a2800000, 0x00000000a2700000| Untracked 
|  40|0x00000000a2800000, 0x00000000a2900000, 0x00000000a2900000|100%| O|  |TAMS 0x00000000a2900000, 0x00000000a2800000| Untracked 
|  41|0x00000000a2900000, 0x00000000a2a00000, 0x00000000a2a00000|100%| O|  |TAMS 0x00000000a2a00000, 0x00000000a2900000| Untracked 
|  42|0x00000000a2a00000, 0x00000000a2b00000, 0x00000000a2b00000|100%| O|  |TAMS 0x00000000a2b00000, 0x00000000a2a00000| Untracked 
|  43|0x00000000a2b00000, 0x00000000a2c00000, 0x00000000a2c00000|100%| O|  |TAMS 0x00000000a2c00000, 0x00000000a2b00000| Untracked 
|  44|0x00000000a2c00000, 0x00000000a2d00000, 0x00000000a2d00000|100%| O|  |TAMS 0x00000000a2d00000, 0x00000000a2c00000| Untracked 
|  45|0x00000000a2d00000, 0x00000000a2e00000, 0x00000000a2e00000|100%| O|  |TAMS 0x00000000a2e00000, 0x00000000a2d00000| Untracked 
|  46|0x00000000a2e00000, 0x00000000a2f00000, 0x00000000a2f00000|100%| O|  |TAMS 0x00000000a2f00000, 0x00000000a2e00000| Untracked 
|  47|0x00000000a2f00000, 0x00000000a3000000, 0x00000000a3000000|100%| O|  |TAMS 0x00000000a3000000, 0x00000000a2f00000| Untracked 
|  48|0x00000000a3000000, 0x00000000a3100000, 0x00000000a3100000|100%| O|  |TAMS 0x00000000a3100000, 0x00000000a3000000| Untracked 
|  49|0x00000000a3100000, 0x00000000a3200000, 0x00000000a3200000|100%| O|  |TAMS 0x00000000a3100000, 0x00000000a3100000| Untracked 
|  50|0x00000000a3200000, 0x00000000a3300000, 0x00000000a3300000|100%| O|  |TAMS 0x00000000a3300000, 0x00000000a3200000| Untracked 
|  51|0x00000000a3300000, 0x00000000a3400000, 0x00000000a3400000|100%| O|  |TAMS 0x00000000a3400000, 0x00000000a3300000| Untracked 
|  52|0x00000000a3400000, 0x00000000a3500000, 0x00000000a3500000|100%| O|  |TAMS 0x00000000a3500000, 0x00000000a3400000| Untracked 
|  53|0x00000000a3500000, 0x00000000a3600000, 0x00000000a3600000|100%| O|  |TAMS 0x00000000a3500000, 0x00000000a3500000| Untracked 
|  54|0x00000000a3600000, 0x00000000a3700000, 0x00000000a3700000|100%| O|  |TAMS 0x00000000a3700000, 0x00000000a3600000| Untracked 
|  55|0x00000000a3700000, 0x00000000a3800000, 0x00000000a3800000|100%| O|  |TAMS 0x00000000a3700000, 0x00000000a3700000| Untracked 
|  56|0x00000000a3800000, 0x00000000a3900000, 0x00000000a3900000|100%| O|  |TAMS 0x00000000a3900000, 0x00000000a3800000| Untracked 
|  57|0x00000000a3900000, 0x00000000a3a00000, 0x00000000a3a00000|100%| O|  |TAMS 0x00000000a3a00000, 0x00000000a3900000| Untracked 
|  58|0x00000000a3a00000, 0x00000000a3b00000, 0x00000000a3b00000|100%| O|  |TAMS 0x00000000a3b00000, 0x00000000a3a00000| Untracked 
|  59|0x00000000a3b00000, 0x00000000a3c00000, 0x00000000a3c00000|100%| O|  |TAMS 0x00000000a3c00000, 0x00000000a3b00000| Untracked 
|  60|0x00000000a3c00000, 0x00000000a3d00000, 0x00000000a3d00000|100%| O|  |TAMS 0x00000000a3d00000, 0x00000000a3c00000| Untracked 
|  61|0x00000000a3d00000, 0x00000000a3e00000, 0x00000000a3e00000|100%| O|  |TAMS 0x00000000a3e00000, 0x00000000a3d00000| Untracked 
|  62|0x00000000a3e00000, 0x00000000a3f00000, 0x00000000a3f00000|100%| O|  |TAMS 0x00000000a3f00000, 0x00000000a3e00000| Untracked 
|  63|0x00000000a3f00000, 0x00000000a4000000, 0x00000000a4000000|100%| O|  |TAMS 0x00000000a4000000, 0x00000000a3f00000| Untracked 
|  64|0x00000000a4000000, 0x00000000a4100000, 0x00000000a4100000|100%| O|  |TAMS 0x00000000a4100000, 0x00000000a4000000| Untracked 
|  65|0x00000000a4100000, 0x00000000a4200000, 0x00000000a4200000|100%| O|  |TAMS 0x00000000a4200000, 0x00000000a4100000| Untracked 
|  66|0x00000000a4200000, 0x00000000a4300000, 0x00000000a4300000|100%| O|  |TAMS 0x00000000a4300000, 0x00000000a4200000| Untracked 
|  67|0x00000000a4300000, 0x00000000a4400000, 0x00000000a4400000|100%| O|  |TAMS 0x00000000a4400000, 0x00000000a4300000| Untracked 
|  68|0x00000000a4400000, 0x00000000a4500000, 0x00000000a4500000|100%| O|  |TAMS 0x00000000a4500000, 0x00000000a4400000| Untracked 
|  69|0x00000000a4500000, 0x00000000a4600000, 0x00000000a4600000|100%| O|  |TAMS 0x00000000a4600000, 0x00000000a4500000| Untracked 
|  70|0x00000000a4600000, 0x00000000a4700000, 0x00000000a4700000|100%| O|  |TAMS 0x00000000a4700000, 0x00000000a4600000| Untracked 
|  71|0x00000000a4700000, 0x00000000a4800000, 0x00000000a4800000|100%| O|  |TAMS 0x00000000a4800000, 0x00000000a4700000| Untracked 
|  72|0x00000000a4800000, 0x00000000a4900000, 0x00000000a4900000|100%| O|  |TAMS 0x00000000a4900000, 0x00000000a4800000| Untracked 
|  73|0x00000000a4900000, 0x00000000a4a00000, 0x00000000a4a00000|100%| O|  |TAMS 0x00000000a4a00000, 0x00000000a4900000| Untracked 
|  74|0x00000000a4a00000, 0x00000000a4b00000, 0x00000000a4b00000|100%| O|  |TAMS 0x00000000a4b00000, 0x00000000a4a00000| Untracked 
|  75|0x00000000a4b00000, 0x00000000a4c00000, 0x00000000a4c00000|100%| O|  |TAMS 0x00000000a4c00000, 0x00000000a4b00000| Untracked 
|  76|0x00000000a4c00000, 0x00000000a4d00000, 0x00000000a4d00000|100%| O|  |TAMS 0x00000000a4d00000, 0x00000000a4c00000| Untracked 
|  77|0x00000000a4d00000, 0x00000000a4e00000, 0x00000000a4e00000|100%| O|  |TAMS 0x00000000a4db5c00, 0x00000000a4d00000| Untracked 
|  78|0x00000000a4e00000, 0x00000000a4f00000, 0x00000000a4f00000|100%| O|  |TAMS 0x00000000a4f00000, 0x00000000a4e00000| Untracked 
|  79|0x00000000a4f00000, 0x00000000a5000000, 0x00000000a5000000|100%| O|  |TAMS 0x00000000a5000000, 0x00000000a4f00000| Untracked 
|  80|0x00000000a5000000, 0x00000000a5100000, 0x00000000a5100000|100%| O|  |TAMS 0x00000000a5100000, 0x00000000a5000000| Untracked 
|  81|0x00000000a5100000, 0x00000000a5200000, 0x00000000a5200000|100%| O|  |TAMS 0x00000000a5200000, 0x00000000a5100000| Untracked 
|  82|0x00000000a5200000, 0x00000000a5300000, 0x00000000a5300000|100%| O|  |TAMS 0x00000000a5300000, 0x00000000a5200000| Untracked 
|  83|0x00000000a5300000, 0x00000000a5400000, 0x00000000a5400000|100%| O|  |TAMS 0x00000000a5400000, 0x00000000a5300000| Untracked 
|  84|0x00000000a5400000, 0x00000000a5500000, 0x00000000a5500000|100%| O|  |TAMS 0x00000000a5500000, 0x00000000a5400000| Untracked 
|  85|0x00000000a5500000, 0x00000000a5600000, 0x00000000a5600000|100%| O|  |TAMS 0x00000000a5600000, 0x00000000a5500000| Untracked 
|  86|0x00000000a5600000, 0x00000000a5700000, 0x00000000a5700000|100%| O|  |TAMS 0x00000000a5700000, 0x00000000a5600000| Untracked 
|  87|0x00000000a5700000, 0x00000000a5800000, 0x00000000a5800000|100%| O|  |TAMS 0x00000000a5800000, 0x00000000a5700000| Untracked 
|  88|0x00000000a5800000, 0x00000000a5900000, 0x00000000a5900000|100%| O|  |TAMS 0x00000000a5900000, 0x00000000a5800000| Untracked 
|  89|0x00000000a5900000, 0x00000000a5a00000, 0x00000000a5a00000|100%| O|  |TAMS 0x00000000a5a00000, 0x00000000a5900000| Untracked 
|  90|0x00000000a5a00000, 0x00000000a5b00000, 0x00000000a5b00000|100%|HS|  |TAMS 0x00000000a5b00000, 0x00000000a5a00000| Complete 
|  91|0x00000000a5b00000, 0x00000000a5c00000, 0x00000000a5c00000|100%|HC|  |TAMS 0x00000000a5c00000, 0x00000000a5b00000| Complete 
|  92|0x00000000a5c00000, 0x00000000a5d00000, 0x00000000a5d00000|100%| O|  |TAMS 0x00000000a5d00000, 0x00000000a5c00000| Untracked 
|  93|0x00000000a5d00000, 0x00000000a5e00000, 0x00000000a5e00000|100%| O|  |TAMS 0x00000000a5e00000, 0x00000000a5d00000| Untracked 
|  94|0x00000000a5e00000, 0x00000000a5f00000, 0x00000000a5f00000|100%| O|  |TAMS 0x00000000a5f00000, 0x00000000a5e00000| Untracked 
|  95|0x00000000a5f00000, 0x00000000a6000000, 0x00000000a6000000|100%| O|  |TAMS 0x00000000a6000000, 0x00000000a5f00000| Untracked 
|  96|0x00000000a6000000, 0x00000000a6100000, 0x00000000a6100000|100%| O|  |TAMS 0x00000000a6100000, 0x00000000a6000000| Untracked 
|  97|0x00000000a6100000, 0x00000000a6200000, 0x00000000a6200000|100%| O|  |TAMS 0x00000000a6200000, 0x00000000a6100000| Untracked 
|  98|0x00000000a6200000, 0x00000000a6300000, 0x00000000a6300000|100%| O|  |TAMS 0x00000000a6300000, 0x00000000a6200000| Untracked 
|  99|0x00000000a6300000, 0x00000000a6400000, 0x00000000a6400000|100%| O|  |TAMS 0x00000000a6400000, 0x00000000a6300000| Untracked 
| 100|0x00000000a6400000, 0x00000000a6500000, 0x00000000a6500000|100%| O|  |TAMS 0x00000000a6500000, 0x00000000a6400000| Untracked 
| 101|0x00000000a6500000, 0x00000000a6600000, 0x00000000a6600000|100%| O|  |TAMS 0x00000000a6600000, 0x00000000a6500000| Untracked 
| 102|0x00000000a6600000, 0x00000000a6700000, 0x00000000a6700000|100%| O|  |TAMS 0x00000000a6700000, 0x00000000a6600000| Untracked 
| 103|0x00000000a6700000, 0x00000000a6800000, 0x00000000a6800000|100%| O|  |TAMS 0x00000000a6800000, 0x00000000a6700000| Untracked 
| 104|0x00000000a6800000, 0x00000000a6900000, 0x00000000a6900000|100%| O|  |TAMS 0x00000000a6900000, 0x00000000a6800000| Untracked 
| 105|0x00000000a6900000, 0x00000000a6a00000, 0x00000000a6a00000|100%| O|  |TAMS 0x00000000a6a00000, 0x00000000a6900000| Untracked 
| 106|0x00000000a6a00000, 0x00000000a6b00000, 0x00000000a6b00000|100%| O|  |TAMS 0x00000000a6b00000, 0x00000000a6a00000| Untracked 
| 107|0x00000000a6b00000, 0x00000000a6c00000, 0x00000000a6c00000|100%| O|  |TAMS 0x00000000a6c00000, 0x00000000a6b00000| Untracked 
| 108|0x00000000a6c00000, 0x00000000a6d00000, 0x00000000a6d00000|100%| O|  |TAMS 0x00000000a6c00000, 0x00000000a6c00000| Untracked 
| 109|0x00000000a6d00000, 0x00000000a6e00000, 0x00000000a6e00000|100%| O|  |TAMS 0x00000000a6d00000, 0x00000000a6d00000| Untracked 
| 110|0x00000000a6e00000, 0x00000000a6f00000, 0x00000000a6f00000|100%| O|  |TAMS 0x00000000a6e00000, 0x00000000a6e00000| Untracked 
| 111|0x00000000a6f00000, 0x00000000a7000000, 0x00000000a7000000|100%| O|  |TAMS 0x00000000a6f00000, 0x00000000a6f00000| Untracked 
| 112|0x00000000a7000000, 0x00000000a7100000, 0x00000000a7100000|100%| O|  |TAMS 0x00000000a7000000, 0x00000000a7000000| Untracked 
| 113|0x00000000a7100000, 0x00000000a7200000, 0x00000000a7200000|100%| O|  |TAMS 0x00000000a7100000, 0x00000000a7100000| Untracked 
| 114|0x00000000a7200000, 0x00000000a7300000, 0x00000000a7300000|100%| O|  |TAMS 0x00000000a7200000, 0x00000000a7200000| Untracked 
| 115|0x00000000a7300000, 0x00000000a7400000, 0x00000000a7400000|100%|HS|  |TAMS 0x00000000a7300000, 0x00000000a7300000| Complete 
| 116|0x00000000a7400000, 0x00000000a7500000, 0x00000000a7500000|100%|HS|  |TAMS 0x00000000a7400000, 0x00000000a7400000| Complete 
| 117|0x00000000a7500000, 0x00000000a7600000, 0x00000000a7600000|100%| O|  |TAMS 0x00000000a7500000, 0x00000000a7500000| Untracked 
| 118|0x00000000a7600000, 0x00000000a7700000, 0x00000000a7700000|100%| O|  |TAMS 0x00000000a7600000, 0x00000000a7600000| Untracked 
| 119|0x00000000a7700000, 0x00000000a7800000, 0x00000000a7800000|100%| O|  |TAMS 0x00000000a7700000, 0x00000000a7700000| Untracked 
| 120|0x00000000a7800000, 0x00000000a7900000, 0x00000000a7900000|100%| O|  |TAMS 0x00000000a7800000, 0x00000000a7800000| Untracked 
| 121|0x00000000a7900000, 0x00000000a7a00000, 0x00000000a7a00000|100%| O|  |TAMS 0x00000000a7900000, 0x00000000a7900000| Untracked 
| 122|0x00000000a7a00000, 0x00000000a7b00000, 0x00000000a7b00000|100%| O|  |TAMS 0x00000000a7a00000, 0x00000000a7a00000| Untracked 
| 123|0x00000000a7b00000, 0x00000000a7c00000, 0x00000000a7c00000|100%| O|  |TAMS 0x00000000a7b00000, 0x00000000a7b00000| Untracked 
| 124|0x00000000a7c00000, 0x00000000a7d00000, 0x00000000a7d00000|100%| O|  |TAMS 0x00000000a7c00000, 0x00000000a7c00000| Untracked 
| 125|0x00000000a7d00000, 0x00000000a7e00000, 0x00000000a7e00000|100%| O|  |TAMS 0x00000000a7d00000, 0x00000000a7d00000| Untracked 
| 126|0x00000000a7e00000, 0x00000000a7f00000, 0x00000000a7f00000|100%| O|  |TAMS 0x00000000a7e00000, 0x00000000a7e00000| Untracked 
| 127|0x00000000a7f00000, 0x00000000a8000000, 0x00000000a8000000|100%| O|  |TAMS 0x00000000a7f00000, 0x00000000a7f00000| Untracked 
| 128|0x00000000a8000000, 0x00000000a8100000, 0x00000000a8100000|100%| O|  |TAMS 0x00000000a8000000, 0x00000000a8000000| Untracked 
| 129|0x00000000a8100000, 0x00000000a8200000, 0x00000000a8200000|100%| O|  |TAMS 0x00000000a8100000, 0x00000000a8100000| Untracked 
| 130|0x00000000a8200000, 0x00000000a8300000, 0x00000000a8300000|100%| O|  |TAMS 0x00000000a8200000, 0x00000000a8200000| Untracked 
| 131|0x00000000a8300000, 0x00000000a8400000, 0x00000000a8400000|100%| O|  |TAMS 0x00000000a8300000, 0x00000000a8300000| Untracked 
| 132|0x00000000a8400000, 0x00000000a8500000, 0x00000000a8500000|100%| O|  |TAMS 0x00000000a8400000, 0x00000000a8400000| Untracked 
| 133|0x00000000a8500000, 0x00000000a85cba00, 0x00000000a8600000| 79%| O|  |TAMS 0x00000000a8500000, 0x00000000a8500000| Untracked 
| 134|0x00000000a8600000, 0x00000000a8600000, 0x00000000a8700000|  0%| F|  |TAMS 0x00000000a8600000, 0x00000000a8600000| Untracked 
| 135|0x00000000a8700000, 0x00000000a8700000, 0x00000000a8800000|  0%| F|  |TAMS 0x00000000a8700000, 0x00000000a8700000| Untracked 
| 136|0x00000000a8800000, 0x00000000a8800000, 0x00000000a8900000|  0%| F|  |TAMS 0x00000000a8800000, 0x00000000a8800000| Untracked 
| 137|0x00000000a8900000, 0x00000000a8900000, 0x00000000a8a00000|  0%| F|  |TAMS 0x00000000a8900000, 0x00000000a8900000| Untracked 
| 138|0x00000000a8a00000, 0x00000000a8a00000, 0x00000000a8b00000|  0%| F|  |TAMS 0x00000000a8a00000, 0x00000000a8a00000| Untracked 
| 139|0x00000000a8b00000, 0x00000000a8b00000, 0x00000000a8c00000|  0%| F|  |TAMS 0x00000000a8b00000, 0x00000000a8b00000| Untracked 
| 140|0x00000000a8c00000, 0x00000000a8c00000, 0x00000000a8d00000|  0%| F|  |TAMS 0x00000000a8c00000, 0x00000000a8c00000| Untracked 
| 141|0x00000000a8d00000, 0x00000000a8d00000, 0x00000000a8e00000|  0%| F|  |TAMS 0x00000000a8d00000, 0x00000000a8d00000| Untracked 
| 142|0x00000000a8e00000, 0x00000000a8e00000, 0x00000000a8f00000|  0%| F|  |TAMS 0x00000000a8e00000, 0x00000000a8e00000| Untracked 
| 143|0x00000000a8f00000, 0x00000000a8f00000, 0x00000000a9000000|  0%| F|  |TAMS 0x00000000a8f00000, 0x00000000a8f00000| Untracked 
| 144|0x00000000a9000000, 0x00000000a9000000, 0x00000000a9100000|  0%| F|  |TAMS 0x00000000a9000000, 0x00000000a9000000| Untracked 
| 145|0x00000000a9100000, 0x00000000a9100000, 0x00000000a9200000|  0%| F|  |TAMS 0x00000000a9100000, 0x00000000a9100000| Untracked 
| 146|0x00000000a9200000, 0x00000000a9200000, 0x00000000a9300000|  0%| F|  |TAMS 0x00000000a9200000, 0x00000000a9200000| Untracked 
| 147|0x00000000a9300000, 0x00000000a9300000, 0x00000000a9400000|  0%| F|  |TAMS 0x00000000a9300000, 0x00000000a9300000| Untracked 
| 148|0x00000000a9400000, 0x00000000a9400000, 0x00000000a9500000|  0%| F|  |TAMS 0x00000000a9400000, 0x00000000a9400000| Untracked 
| 149|0x00000000a9500000, 0x00000000a9500000, 0x00000000a9600000|  0%| F|  |TAMS 0x00000000a9500000, 0x00000000a9500000| Untracked 
| 150|0x00000000a9600000, 0x00000000a9600000, 0x00000000a9700000|  0%| F|  |TAMS 0x00000000a9600000, 0x00000000a9600000| Untracked 
| 151|0x00000000a9700000, 0x00000000a9700000, 0x00000000a9800000|  0%| F|  |TAMS 0x00000000a9700000, 0x00000000a9700000| Untracked 
| 152|0x00000000a9800000, 0x00000000a9800000, 0x00000000a9900000|  0%| F|  |TAMS 0x00000000a9800000, 0x00000000a9800000| Untracked 
| 153|0x00000000a9900000, 0x00000000a9900000, 0x00000000a9a00000|  0%| F|  |TAMS 0x00000000a9900000, 0x00000000a9900000| Untracked 
| 154|0x00000000a9a00000, 0x00000000a9af46f0, 0x00000000a9b00000| 95%| S|CS|TAMS 0x00000000a9a00000, 0x00000000a9a00000| Complete 
| 155|0x00000000a9b00000, 0x00000000a9b00000, 0x00000000a9c00000|  0%| F|  |TAMS 0x00000000a9b00000, 0x00000000a9b00000| Untracked 
| 156|0x00000000a9c00000, 0x00000000a9c00000, 0x00000000a9d00000|  0%| F|  |TAMS 0x00000000a9c00000, 0x00000000a9c00000| Untracked 
| 157|0x00000000a9d00000, 0x00000000a9e00000, 0x00000000a9e00000|100%| S|CS|TAMS 0x00000000a9d00000, 0x00000000a9d00000| Complete 
| 158|0x00000000a9e00000, 0x00000000a9e00000, 0x00000000a9f00000|  0%| F|  |TAMS 0x00000000a9e00000, 0x00000000a9e00000| Untracked 
| 159|0x00000000a9f00000, 0x00000000aa000000, 0x00000000aa000000|100%| S|CS|TAMS 0x00000000a9f00000, 0x00000000a9f00000| Complete 
| 160|0x00000000aa000000, 0x00000000aa000000, 0x00000000aa100000|  0%| F|  |TAMS 0x00000000aa000000, 0x00000000aa000000| Untracked 
| 161|0x00000000aa100000, 0x00000000aa100000, 0x00000000aa200000|  0%| F|  |TAMS 0x00000000aa100000, 0x00000000aa100000| Untracked 
| 162|0x00000000aa200000, 0x00000000aa200000, 0x00000000aa300000|  0%| F|  |TAMS 0x00000000aa200000, 0x00000000aa200000| Untracked 
| 163|0x00000000aa300000, 0x00000000aa300000, 0x00000000aa400000|  0%| F|  |TAMS 0x00000000aa300000, 0x00000000aa300000| Untracked 
| 164|0x00000000aa400000, 0x00000000aa4c2338, 0x00000000aa500000| 75%| E|  |TAMS 0x00000000aa400000, 0x00000000aa400000| Complete 
| 165|0x00000000aa500000, 0x00000000aa600000, 0x00000000aa600000|100%| E|CS|TAMS 0x00000000aa500000, 0x00000000aa500000| Complete 
| 166|0x00000000aa600000, 0x00000000aa700000, 0x00000000aa700000|100%| E|CS|TAMS 0x00000000aa600000, 0x00000000aa600000| Complete 
| 167|0x00000000aa700000, 0x00000000aa800000, 0x00000000aa800000|100%| E|CS|TAMS 0x00000000aa700000, 0x00000000aa700000| Complete 
| 168|0x00000000aa800000, 0x00000000aa900000, 0x00000000aa900000|100%| E|CS|TAMS 0x00000000aa800000, 0x00000000aa800000| Complete 
| 169|0x00000000aa900000, 0x00000000aaa00000, 0x00000000aaa00000|100%| E|CS|TAMS 0x00000000aa900000, 0x00000000aa900000| Complete 
| 170|0x00000000aaa00000, 0x00000000aab00000, 0x00000000aab00000|100%| E|CS|TAMS 0x00000000aaa00000, 0x00000000aaa00000| Complete 
| 171|0x00000000aab00000, 0x00000000aac00000, 0x00000000aac00000|100%| E|CS|TAMS 0x00000000aab00000, 0x00000000aab00000| Complete 
| 172|0x00000000aac00000, 0x00000000aad00000, 0x00000000aad00000|100%| E|CS|TAMS 0x00000000aac00000, 0x00000000aac00000| Complete 
| 173|0x00000000aad00000, 0x00000000aae00000, 0x00000000aae00000|100%| E|CS|TAMS 0x00000000aad00000, 0x00000000aad00000| Complete 
| 174|0x00000000aae00000, 0x00000000aaf00000, 0x00000000aaf00000|100%| E|CS|TAMS 0x00000000aae00000, 0x00000000aae00000| Complete 
| 175|0x00000000aaf00000, 0x00000000ab000000, 0x00000000ab000000|100%| E|CS|TAMS 0x00000000aaf00000, 0x00000000aaf00000| Complete 
| 176|0x00000000ab000000, 0x00000000ab100000, 0x00000000ab100000|100%| E|CS|TAMS 0x00000000ab000000, 0x00000000ab000000| Complete 
| 177|0x00000000ab100000, 0x00000000ab200000, 0x00000000ab200000|100%| E|CS|TAMS 0x00000000ab100000, 0x00000000ab100000| Complete 
| 178|0x00000000ab200000, 0x00000000ab300000, 0x00000000ab300000|100%| E|CS|TAMS 0x00000000ab200000, 0x00000000ab200000| Complete 

Card table byte_map: [0x000002cf2d2a0000,0x000002cf2d5a0000] _byte_map_base: 0x000002cf2cda0000

Marking Bits (Prev, Next): (CMBitMap*) 0x000002cf159824a8, (CMBitMap*) 0x000002cf159824e0
 Prev Bits: [0x000002cf2d8a0000, 0x000002cf2f0a0000)
 Next Bits: [0x000002cf2f0a0000, 0x000002cf308a0000)

Polling page: 0x000002cf137e0000

Metaspace:

Usage:
  Non-class:     85.36 MB capacity,    83.74 MB ( 98%) used,     1.38 MB (  2%) free+waste,   254.50 KB ( <1%) overhead. 
      Class:     12.96 MB capacity,    12.18 MB ( 94%) used,   685.00 KB (  5%) free+waste,   111.94 KB ( <1%) overhead. 
       Both:     98.32 MB capacity,    95.92 MB ( 98%) used,     2.05 MB (  2%) free+waste,   366.44 KB ( <1%) overhead. 

Virtual space:
  Non-class space:       86.00 MB reserved,      85.45 MB (>99%) committed 
      Class space:        1.00 GB reserved,      13.00 MB (  1%) committed 
             Both:        1.08 GB reserved,      98.45 MB (  9%) committed 

Chunk freelists:
   Non-Class:  27.00 KB
       Class:  9.00 KB
        Both:  36.00 KB

MaxMetaspaceSize: 17179869184.00 GB
CompressedClassSpaceSize: 1.00 GB

CodeHeap 'non-profiled nmethods': size=120064Kb used=7474Kb max_used=7474Kb free=112589Kb
 bounds [0x000002cf25a60000, 0x000002cf261b0000, 0x000002cf2cfa0000]
CodeHeap 'profiled nmethods': size=120000Kb used=28036Kb max_used=28036Kb free=91963Kb
 bounds [0x000002cf1e530000, 0x000002cf200c0000, 0x000002cf25a60000]
CodeHeap 'non-nmethods': size=5696Kb used=2296Kb max_used=2348Kb free=3399Kb
 bounds [0x000002cf1dfa0000, 0x000002cf1e210000, 0x000002cf1e530000]
 total_blobs=18994 nmethods=12690 adapters=810
 compilation: enabled
              stopped_count=0, restarted_count=0
 full_count=0

Compilation events (20 events):
Event: 517.442 Thread 0x000002cf32db9800 nmethod 14212 0x000002cf261abd10 code [0x000002cf261abee0, 0x000002cf261ac438]
Event: 517.442 Thread 0x000002cf32db9800 14218       4       org.gradle.internal.graph.CachingDirectedGraphWalker::doSearch (659 bytes)
Event: 517.447 Thread 0x000002cf3375d000 14222       3       org.gradle.api.internal.tasks.DefaultTaskDependency::visitDependencies (678 bytes)
Event: 517.461 Thread 0x000002cf3375d000 nmethod 14222 0x000002cf20095210 code [0x000002cf20095ec0, 0x000002cf2009f4f0]
Event: 517.461 Thread 0x000002cf3375d000 14223       3       org.gradle.api.internal.tasks.DefaultTaskDependency$TaskDependencySet::isEmpty (10 bytes)
Event: 517.461 Thread 0x000002cf3375d000 nmethod 14223 0x000002cf1f7ddf10 code [0x000002cf1f7de0e0, 0x000002cf1f7de310]
Event: 517.467 Thread 0x000002cf3375d000 14224       3       org.gradle.api.internal.file.DefaultFilePropertyFactory$DefaultDirectoryVar::set (47 bytes)
Event: 517.467 Thread 0x000002cf3375d000 nmethod 14224 0x000002cf200a1f10 code [0x000002cf200a2120, 0x000002cf200a2820]
Event: 517.476 Thread 0x000002cf3375d000 14226       3       org.gradle.api.internal.tasks.DefaultTaskInputs$6::visitInputProperty (16 bytes)
Event: 517.477 Thread 0x000002cf3375d000 nmethod 14226 0x000002cf200a2a10 code [0x000002cf200a2be0, 0x000002cf200a2ee0]
Event: 517.483 Thread 0x000002cf3375d000 14228       1       org.gradle.api.internal.tasks.DefaultTaskInputs::access$400 (5 bytes)
Event: 517.483 Thread 0x000002cf3375d000 nmethod 14228 0x000002cf261ac890 code [0x000002cf261aca40, 0x000002cf261acb38]
Event: 517.492 Thread 0x000002cf3375d000 14229       3       org.gradle.api.internal.tasks.properties.bean.AbstractNestedRuntimeBeanNode$BeanPropertyValue::getTaskDependencies (40 bytes)
Event: 517.493 Thread 0x000002cf3375d000 nmethod 14229 0x000002cf200a3010 code [0x000002cf200a3240, 0x000002cf200a3910]
Event: 517.501 Thread 0x000002cf3375d000 14230       3       com.android.build.gradle.internal.scope.VariantScopeImpl::getFullVariantName (8 bytes)
Event: 517.502 Thread 0x000002cf3375d000 nmethod 14230 0x000002cf200a3b10 code [0x000002cf200a3ce0, 0x000002cf200a4010]
Event: 517.510 Thread 0x000002cf3375d000 14231       3       org.gradle.api.internal.artifacts.configurations.DefaultConfiguration$ConfigurationArtifactCollection::<init> (51 bytes)
Event: 517.511 Thread 0x000002cf3375d000 nmethod 14231 0x000002cf200a4110 code [0x000002cf200a4320, 0x000002cf200a4930]
Event: 517.511 Thread 0x000002cf3375d000 14232       3       org.gradle.api.internal.artifacts.configurations.DefaultConfiguration$ConfigurationFileCollection::<init> (14 bytes)
Event: 517.511 Thread 0x000002cf3375d000 nmethod 14232 0x000002cf1efa2f10 code [0x000002cf1efa30c0, 0x000002cf1efa3250]

GC Heap History (20 events):
Event: 51.439 GC heap before
{Heap before GC invocations=62 (full 0):
 garbage-first heap   total 152576K, used 126752K [0x00000000a0000000, 0x0000000100000000)
  region size 1024K, 13 young (13312K), 2 survivors (2048K)
 Metaspace       used 80355K, capacity 82287K, committed 82508K, reserved 1120256K
  class space    used 10211K, capacity 10872K, committed 10880K, reserved 1048576K
}
Event: 51.445 GC heap after
{Heap after GC invocations=63 (full 0):
 garbage-first heap   total 183296K, used 117291K [0x00000000a0000000, 0x0000000100000000)
  region size 1024K, 1 young (1024K), 1 survivors (1024K)
 Metaspace       used 80355K, capacity 82287K, committed 82508K, reserved 1120256K
  class space    used 10211K, capacity 10872K, committed 10880K, reserved 1048576K
}
Event: 53.244 GC heap before
{Heap before GC invocations=63 (full 0):
 garbage-first heap   total 183296K, used 140843K [0x00000000a0000000, 0x0000000100000000)
  region size 1024K, 25 young (25600K), 1 survivors (1024K)
 Metaspace       used 86602K, capacity 88751K, committed 89036K, reserved 1126400K
  class space    used 11167K, capacity 11919K, committed 12032K, reserved 1048576K
}
Event: 53.248 GC heap after
{Heap after GC invocations=64 (full 0):
 garbage-first heap   total 183296K, used 118071K [0x00000000a0000000, 0x0000000100000000)
  region size 1024K, 2 young (2048K), 2 survivors (2048K)
 Metaspace       used 86602K, capacity 88751K, committed 89036K, reserved 1126400K
  class space    used 11167K, capacity 11919K, committed 12032K, reserved 1048576K
}
Event: 54.131 GC heap before
{Heap before GC invocations=64 (full 0):
 garbage-first heap   total 183296K, used 143671K [0x00000000a0000000, 0x0000000100000000)
  region size 1024K, 28 young (28672K), 2 survivors (2048K)
 Metaspace       used 87273K, capacity 89361K, committed 89548K, reserved 1126400K
  class space    used 11260K, capacity 11992K, committed 12032K, reserved 1048576K
}
Event: 54.137 GC heap after
{Heap after GC invocations=65 (full 0):
 garbage-first heap   total 183296K, used 121845K [0x00000000a0000000, 0x0000000100000000)
  region size 1024K, 4 young (4096K), 4 survivors (4096K)
 Metaspace       used 87273K, capacity 89361K, committed 89548K, reserved 1126400K
  class space    used 11260K, capacity 11992K, committed 12032K, reserved 1048576K
}
Event: 55.063 GC heap before
{Heap before GC invocations=65 (full 0):
 garbage-first heap   total 183296K, used 148469K [0x00000000a0000000, 0x0000000100000000)
  region size 1024K, 29 young (29696K), 4 survivors (4096K)
 Metaspace       used 88296K, capacity 90395K, committed 90444K, reserved 1128448K
  class space    used 11377K, capacity 12111K, committed 12160K, reserved 1048576K
}
Event: 55.074 GC heap after
{Heap after GC invocations=66 (full 0):
 garbage-first heap   total 183296K, used 130272K [0x00000000a0000000, 0x0000000100000000)
  region size 1024K, 4 young (4096K), 4 survivors (4096K)
 Metaspace       used 88296K, capacity 90395K, committed 90444K, reserved 1128448K
  class space    used 11377K, capacity 12111K, committed 12160K, reserved 1048576K
}
Event: 56.024 GC heap before
{Heap before GC invocations=66 (full 0):
 garbage-first heap   total 183296K, used 149728K [0x00000000a0000000, 0x0000000100000000)
  region size 1024K, 24 young (24576K), 4 survivors (4096K)
 Metaspace       used 90525K, capacity 92635K, committed 92748K, reserved 1130496K
  class space    used 11673K, capacity 12403K, committed 12416K, reserved 1048576K
}
Event: 56.036 GC heap after
{Heap after GC invocations=67 (full 0):
 garbage-first heap   total 183296K, used 131087K [0x00000000a0000000, 0x0000000100000000)
  region size 1024K, 1 young (1024K), 1 survivors (1024K)
 Metaspace       used 90525K, capacity 92635K, committed 92748K, reserved 1130496K
  class space    used 11673K, capacity 12403K, committed 12416K, reserved 1048576K
}
Event: 58.044 GC heap before
{Heap before GC invocations=67 (full 0):
 garbage-first heap   total 183296K, used 152591K [0x00000000a0000000, 0x0000000100000000)
  region size 1024K, 21 young (21504K), 1 survivors (1024K)
 Metaspace       used 92572K, capacity 94726K, committed 94924K, reserved 1132544K
  class space    used 11952K, capacity 12760K, committed 12800K, reserved 1048576K
}
Event: 58.050 GC heap after
{Heap after GC invocations=68 (full 0):
 garbage-first heap   total 183296K, used 133042K [0x00000000a0000000, 0x0000000100000000)
  region size 1024K, 3 young (3072K), 3 survivors (3072K)
 Metaspace       used 92572K, capacity 94726K, committed 94924K, reserved 1132544K
  class space    used 11952K, capacity 12760K, committed 12800K, reserved 1048576K
}
Event: 58.831 GC heap before
{Heap before GC invocations=68 (full 0):
 garbage-first heap   total 183296K, used 153522K [0x00000000a0000000, 0x0000000100000000)
  region size 1024K, 23 young (23552K), 3 survivors (3072K)
 Metaspace       used 93671K, capacity 96030K, committed 96204K, reserved 1132544K
  class space    used 12133K, capacity 12949K, committed 13056K, reserved 1048576K
}
Event: 58.837 GC heap after
{Heap after GC invocations=69 (full 0):
 garbage-first heap   total 183296K, used 134807K [0x00000000a0000000, 0x0000000100000000)
  region size 1024K, 2 young (2048K), 2 survivors (2048K)
 Metaspace       used 93671K, capacity 96030K, committed 96204K, reserved 1132544K
  class space    used 12133K, capacity 12949K, committed 13056K, reserved 1048576K
}
Event: 59.946 GC heap before
{Heap before GC invocations=69 (full 0):
 garbage-first heap   total 183296K, used 154263K [0x00000000a0000000, 0x0000000100000000)
  region size 1024K, 22 young (22528K), 2 survivors (2048K)
 Metaspace       used 97417K, capacity 99883K, committed 100044K, reserved 1136640K
  class space    used 12457K, capacity 13255K, committed 13312K, reserved 1048576K
}
Event: 59.950 GC heap after
{Heap after GC invocations=70 (full 0):
 garbage-first heap   total 183296K, used 135651K [0x00000000a0000000, 0x0000000100000000)
  region size 1024K, 1 young (1024K), 1 survivors (1024K)
 Metaspace       used 97417K, capacity 99883K, committed 100044K, reserved 1136640K
  class space    used 12457K, capacity 13255K, committed 13312K, reserved 1048576K
}
Event: 507.081 GC heap before
{Heap before GC invocations=70 (full 0):
 garbage-first heap   total 183296K, used 155107K [0x00000000a0000000, 0x0000000100000000)
  region size 1024K, 21 young (21504K), 1 survivors (1024K)
 Metaspace       used 97871K, capacity 100244K, committed 100300K, reserved 1136640K
  class space    used 12469K, capacity 13262K, committed 13312K, reserved 1048576K
}
Event: 507.157 GC heap after
{Heap after GC invocations=71 (full 0):
 garbage-first heap   total 183296K, used 137187K [0x00000000a0000000, 0x0000000100000000)
  region size 1024K, 3 young (3072K), 3 survivors (3072K)
 Metaspace       used 97871K, capacity 100244K, committed 100300K, reserved 1136640K
  class space    used 12469K, capacity 13262K, committed 13312K, reserved 1048576K
}
Event: 517.362 GC heap before
{Heap before GC invocations=71 (full 0):
 garbage-first heap   total 183296K, used 156643K [0x00000000a0000000, 0x0000000100000000)
  region size 1024K, 22 young (22528K), 3 survivors (3072K)
 Metaspace       used 98171K, capacity 100613K, committed 100812K, reserved 1136640K
  class space    used 12473K, capacity 13270K, committed 13312K, reserved 1048576K
}
Event: 517.387 GC heap after
{Heap after GC invocations=72 (full 0):
 garbage-first heap   total 183296K, used 140032K [0x00000000a0000000, 0x0000000100000000)
  region size 1024K, 3 young (3072K), 3 survivors (3072K)
 Metaspace       used 98171K, capacity 100613K, committed 100812K, reserved 1136640K
  class space    used 12473K, capacity 13270K, committed 13312K, reserved 1048576K
}

Deoptimization events (20 events):
Event: 507.416 Thread 0x000002cf35ee1800 DEOPT PACKING pc=0x000002cf25afca18 sp=0x000000f290ef9600
Event: 507.416 Thread 0x000002cf35ee1800 DEOPT UNPACKING pc=0x000002cf1dfc8f2f sp=0x000000f290ef95a8 mode 2
Event: 507.757 Thread 0x000002cf35ee1800 DEOPT PACKING pc=0x000002cf1f021c24 sp=0x000000f290ef8870
Event: 507.802 Thread 0x000002cf35ee1800 DEOPT UNPACKING pc=0x000002cf1dfc8d4e sp=0x000000f290ef7d90 mode 0
Event: 509.001 Thread 0x000002cf35ee1800 Uncommon trap: trap_request=0xffffffc6 fr.pc=0x000002cf25c42510 relative=0x00000000000002b0
Event: 509.001 Thread 0x000002cf35ee1800 Uncommon trap: reason=bimorphic_or_optimized_type_check action=maybe_recompile pc=0x000002cf25c42510 method=java.util.HashMap$ValueSpliterator.forEachRemaining(Ljava/util/function/Consumer;)V @ 145 c2
Event: 509.001 Thread 0x000002cf35ee1800 DEOPT PACKING pc=0x000002cf25c42510 sp=0x000000f290efa740
Event: 509.001 Thread 0x000002cf35ee1800 DEOPT UNPACKING pc=0x000002cf1dfc8f2f sp=0x000000f290efa6f8 mode 2
Event: 509.001 Thread 0x000002cf35ee1800 Uncommon trap: trap_request=0xffffff4d fr.pc=0x000002cf25c42694 relative=0x0000000000000434
Event: 509.001 Thread 0x000002cf35ee1800 Uncommon trap: reason=unstable_if action=reinterpret pc=0x000002cf25c42694 method=java.util.HashMap$ValueSpliterator.forEachRemaining(Ljava/util/function/Consumer;)V @ 75 c2
Event: 509.001 Thread 0x000002cf35ee1800 DEOPT PACKING pc=0x000002cf25c42694 sp=0x000000f290efa720
Event: 509.001 Thread 0x000002cf35ee1800 DEOPT UNPACKING pc=0x000002cf1dfc8f2f sp=0x000000f290efa6e0 mode 2
Event: 511.020 Thread 0x000002cf35ee1800 DEOPT PACKING pc=0x000002cf1f157099 sp=0x000000f290efa470
Event: 511.021 Thread 0x000002cf35ee1800 DEOPT UNPACKING pc=0x000002cf1dfc8d4e sp=0x000000f290ef9928 mode 0
Event: 511.021 Thread 0x000002cf35ee1800 DEOPT PACKING pc=0x000002cf1f157099 sp=0x000000f290efa3e0
Event: 511.021 Thread 0x000002cf35ee1800 DEOPT UNPACKING pc=0x000002cf1dfc8d4e sp=0x000000f290ef98a8 mode 0
Event: 511.517 Thread 0x000002cf35ee1800 Uncommon trap: trap_request=0xffffff4d fr.pc=0x000002cf25fb1440 relative=0x00000000000000a0
Event: 511.517 Thread 0x000002cf35ee1800 Uncommon trap: reason=unstable_if action=reinterpret pc=0x000002cf25fb1440 method=java.lang.StringLatin1.lastIndexOf([BI[BII)I @ 32 c2
Event: 511.517 Thread 0x000002cf35ee1800 DEOPT PACKING pc=0x000002cf25fb1440 sp=0x000000f290ef9100
Event: 511.569 Thread 0x000002cf35ee1800 DEOPT UNPACKING pc=0x000002cf1dfc8f2f sp=0x000000f290ef9058 mode 2

Classes redefined (0 events):
No events

Internal exceptions (20 events):
Event: 56.847 Thread 0x000002cf36463000 Exception <a 'java/lang/NoSuchMethodError'{0x00000000aab7d000}: <clinit>> (0x00000000aab7d000) thrown at [c:/ws/UEp/Corretto11Src/installers/windows/zip/corretto-build/buildRoot/src/src/hotspot/share/prims/jni.cpp, line 1362]
Event: 56.847 Thread 0x000002cf36463000 Exception <a 'java/lang/NoSuchMethodError'{0x00000000aab80660}: <clinit>> (0x00000000aab80660) thrown at [c:/ws/UEp/Corretto11Src/installers/windows/zip/corretto-build/buildRoot/src/src/hotspot/share/prims/jni.cpp, line 1362]
Event: 56.850 Thread 0x000002cf36463000 Exception <a 'java/lang/NoSuchMethodError'{0x00000000aabc2cd8}: <clinit>> (0x00000000aabc2cd8) thrown at [c:/ws/UEp/Corretto11Src/installers/windows/zip/corretto-build/buildRoot/src/src/hotspot/share/prims/jni.cpp, line 1362]
Event: 56.856 Thread 0x000002cf36463000 Exception <a 'java/lang/NoSuchMethodError'{0x00000000aaa146a8}: <clinit>> (0x00000000aaa146a8) thrown at [c:/ws/UEp/Corretto11Src/installers/windows/zip/corretto-build/buildRoot/src/src/hotspot/share/prims/jni.cpp, line 1362]
Event: 56.858 Thread 0x000002cf36463000 Exception <a 'java/lang/NoSuchMethodError'{0x00000000aaa3e2f0}: <clinit>> (0x00000000aaa3e2f0) thrown at [c:/ws/UEp/Corretto11Src/installers/windows/zip/corretto-build/buildRoot/src/src/hotspot/share/prims/jni.cpp, line 1362]
Event: 57.281 Thread 0x000002cf36464800 Exception <a 'java/lang/NoSuchMethodError'{0x00000000aa63bc30}: 'void java.lang.invoke.DirectMethodHandle$Holder.invokeStaticInit(java.lang.Object, java.lang.Object)'> (0x00000000aa63bc30) thrown at [c:/ws/UEp/Corretto11Src/installers/windows/zip/corretto
Event: 57.670 Thread 0x000002cf36464800 Exception <a 'java/lang/NoSuchMethodError'{0x00000000aa4f9e28}: 'java.lang.Object java.lang.invoke.DirectMethodHandle$Holder.invokeVirtual(java.lang.Object, java.lang.Object, int)'> (0x00000000aa4f9e28) thrown at [c:/ws/UEp/Corretto11Src/installers/window
Event: 57.673 Thread 0x000002cf36464800 Exception <a 'java/lang/NoSuchMethodError'{0x00000000aa328150}: 'void java.lang.invoke.DirectMethodHandle$Holder.invokeStatic(java.lang.Object, java.lang.Object, java.lang.Object, int)'> (0x00000000aa328150) thrown at [c:/ws/UEp/Corretto11Src/installers/w
Event: 58.902 Thread 0x000002cf34cc8800 Exception <a 'java/lang/NoSuchMethodError'{0x00000000ab0b8868}: 'int java.lang.invoke.DirectMethodHandle$Holder.invokeStatic(java.lang.Object, int, int, java.lang.Object)'> (0x00000000ab0b8868) thrown at [c:/ws/UEp/Corretto11Src/installers/windows/zip/cor
Event: 59.045 Thread 0x000002cf34cc8800 Exception <a 'sun/nio/fs/WindowsException'{0x00000000aace6100}> (0x00000000aace6100) thrown at [c:/ws/UEp/Corretto11Src/installers/windows/zip/corretto-build/buildRoot/src/src/hotspot/share/prims/jni.cpp, line 615]
Event: 59.078 Thread 0x000002cf34cc8800 Implicit null exception at 0x000002cf260918dc to 0x000002cf260936e6
Event: 59.510 Thread 0x000002cf34cc8800 Implicit null exception at 0x000002cf2609f8e7 to 0x000002cf2609fcca
Event: 59.911 Thread 0x000002cf33cc8000 Exception <a 'java/lang/NoSuchMethodError'{0x00000000a9f7a250}: <clinit>> (0x00000000a9f7a250) thrown at [c:/ws/UEp/Corretto11Src/installers/windows/zip/corretto-build/buildRoot/src/src/hotspot/share/prims/jni.cpp, line 1362]
Event: 59.913 Thread 0x000002cf33cc8000 Exception <a 'java/lang/NoSuchMethodError'{0x00000000a9f863c0}: <clinit>> (0x00000000a9f863c0) thrown at [c:/ws/UEp/Corretto11Src/installers/windows/zip/corretto-build/buildRoot/src/src/hotspot/share/prims/jni.cpp, line 1362]
Event: 59.919 Thread 0x000002cf33cc8000 Exception <a 'java/lang/NoSuchMethodError'{0x00000000a9f900c0}: <clinit>> (0x00000000a9f900c0) thrown at [c:/ws/UEp/Corretto11Src/installers/windows/zip/corretto-build/buildRoot/src/src/hotspot/share/prims/jni.cpp, line 1362]
Event: 59.933 Thread 0x000002cf33cc8000 Exception <a 'java/lang/NoSuchMethodError'{0x00000000a9fcedb8}: <clinit>> (0x00000000a9fcedb8) thrown at [c:/ws/UEp/Corretto11Src/installers/windows/zip/corretto-build/buildRoot/src/src/hotspot/share/prims/jni.cpp, line 1362]
Event: 59.936 Thread 0x000002cf33cc8000 Exception <a 'java/lang/NoSuchMethodError'{0x00000000a9fdd858}: <clinit>> (0x00000000a9fdd858) thrown at [c:/ws/UEp/Corretto11Src/installers/windows/zip/corretto-build/buildRoot/src/src/hotspot/share/prims/jni.cpp, line 1362]
Event: 502.380 Thread 0x000002cf35ee0800 Exception <a 'java/lang/NoSuchMethodError'{0x00000000aa87adf0}: <clinit>> (0x00000000aa87adf0) thrown at [c:/ws/UEp/Corretto11Src/installers/windows/zip/corretto-build/buildRoot/src/src/hotspot/share/prims/jni.cpp, line 1362]
Event: 503.864 Thread 0x000002cf35ee1800 Implicit null exception at 0x000002cf25be502c to 0x000002cf25bebc8a
Event: 509.001 Thread 0x000002cf35ee1800 Implicit null exception at 0x000002cf25c422b5 to 0x000002cf25c4266e

Events (20 events):
Event: 507.413 Executing VM operation: RevokeBias
Event: 507.413 Executing VM operation: RevokeBias done
Event: 507.419 Executing VM operation: RevokeBias
Event: 507.419 Executing VM operation: RevokeBias done
Event: 507.465 Thread 0x000002cf35eeb000 Thread added: 0x000002cf35eeb000
Event: 507.856 Executing VM operation: RevokeBias
Event: 507.857 Executing VM operation: RevokeBias done
Event: 507.860 Executing VM operation: RevokeBias
Event: 507.860 Executing VM operation: RevokeBias done
Event: 507.973 Executing VM operation: RevokeBias
Event: 507.973 Executing VM operation: RevokeBias done
Event: 507.976 Executing VM operation: RevokeBias
Event: 507.976 Executing VM operation: RevokeBias done
Event: 510.409 Thread 0x000002cf35ee5800 Thread added: 0x000002cf35ee5800
Event: 510.548 Executing VM operation: RevokeBias
Event: 510.550 Executing VM operation: RevokeBias done
Event: 517.240 Executing VM operation: RevokeBias
Event: 517.241 Executing VM operation: RevokeBias done
Event: 517.361 Executing VM operation: G1CollectForAllocation
Event: 517.387 Executing VM operation: G1CollectForAllocation done


Dynamic libraries:
0x00007ff69e020000 - 0x00007ff69e02d000 	C:\Program Files\Amazon Corretto\jdk11.0.6_10\bin\java.exe
0x00007ffe9a5c0000 - 0x00007ffe9a7b0000 	C:\Windows\SYSTEM32\ntdll.dll
0x00007ffe98fa0000 - 0x00007ffe99052000 	C:\Windows\System32\KERNEL32.DLL
0x00007ffe979a0000 - 0x00007ffe97c43000 	C:\Windows\System32\KERNELBASE.dll
0x00007ffe984a0000 - 0x00007ffe9859a000 	C:\Windows\System32\ucrtbase.dll
0x00007ffe8e280000 - 0x00007ffe8e295000 	C:\Program Files\Amazon Corretto\jdk11.0.6_10\bin\VCRUNTIME140.dll
0x00007ffe88f20000 - 0x00007ffe88f37000 	C:\Program Files\Amazon Corretto\jdk11.0.6_10\bin\jli.dll
0x00007ffe99180000 - 0x00007ffe99314000 	C:\Windows\System32\USER32.dll
0x00007ffe83950000 - 0x00007ffe83bd5000 	C:\Windows\WinSxS\amd64_microsoft.windows.common-controls_6595b64144ccf1df_6.0.18362.719_none_e6c7b883130c6729\COMCTL32.dll
0x00007ffe97550000 - 0x00007ffe97571000 	C:\Windows\System32\win32u.dll
0x00007ffe99320000 - 0x00007ffe993be000 	C:\Windows\System32\msvcrt.dll
0x00007ffe99c40000 - 0x00007ffe99c66000 	C:\Windows\System32\GDI32.dll
0x00007ffe97800000 - 0x00007ffe97994000 	C:\Windows\System32\gdi32full.dll
0x00007ffe985a0000 - 0x00007ffe9863e000 	C:\Windows\System32\msvcp_win.dll
0x00007ffe98680000 - 0x00007ffe989b6000 	C:\Windows\System32\combase.dll
0x00007ffe99060000 - 0x00007ffe99180000 	C:\Windows\System32\RPCRT4.dll
0x00007ffe97780000 - 0x00007ffe97800000 	C:\Windows\System32\bcryptPrimitives.dll
0x00007ffe99c80000 - 0x00007ffe99cae000 	C:\Windows\System32\IMM32.DLL
0x00007ffe78830000 - 0x00007ffe788cb000 	C:\Program Files\Amazon Corretto\jdk11.0.6_10\bin\msvcp140.dll
0x00007ffe3c830000 - 0x00007ffe3d2ed000 	C:\Program Files\Amazon Corretto\jdk11.0.6_10\bin\server\jvm.dll
0x00007ffe99cb0000 - 0x00007ffe99d53000 	C:\Windows\System32\ADVAPI32.dll
0x00007ffe99ba0000 - 0x00007ffe99c37000 	C:\Windows\System32\sechost.dll
0x00007ffe98670000 - 0x00007ffe98678000 	C:\Windows\System32\PSAPI.DLL
0x00007ffe805d0000 - 0x00007ffe805d9000 	C:\Windows\SYSTEM32\WSOCK32.dll
0x00007ffe999f0000 - 0x00007ffe99a5f000 	C:\Windows\System32\WS2_32.dll
0x00007ffe94d80000 - 0x00007ffe94da4000 	C:\Windows\SYSTEM32\WINMM.dll
0x00007ffe8faf0000 - 0x00007ffe8fafa000 	C:\Windows\SYSTEM32\VERSION.dll
0x00007ffe94d50000 - 0x00007ffe94d7d000 	C:\Windows\SYSTEM32\WINMMBASE.dll
0x00007ffe983f0000 - 0x00007ffe9843a000 	C:\Windows\System32\cfgmgr32.dll
0x00007ffe97530000 - 0x00007ffe97541000 	C:\Windows\System32\kernel.appcore.dll
0x00007ffe91f20000 - 0x00007ffe91f30000 	C:\Program Files\Amazon Corretto\jdk11.0.6_10\bin\verify.dll
0x00007ffe95d90000 - 0x00007ffe95f84000 	C:\Windows\SYSTEM32\DBGHELP.DLL
0x00007ffe79100000 - 0x00007ffe7912a000 	C:\Windows\SYSTEM32\dbgcore.DLL
0x00007ffe88910000 - 0x00007ffe88938000 	C:\Program Files\Amazon Corretto\jdk11.0.6_10\bin\java.dll
0x00007ffe88e50000 - 0x00007ffe88e66000 	C:\Program Files\Amazon Corretto\jdk11.0.6_10\bin\zip.dll
0x00007ffe8e5b0000 - 0x00007ffe8e5ba000 	C:\Program Files\Amazon Corretto\jdk11.0.6_10\bin\jimage.dll
0x00007ffe99d60000 - 0x00007ffe9a445000 	C:\Windows\System32\SHELL32.dll
0x00007ffe9a450000 - 0x00007ffe9a4f9000 	C:\Windows\System32\shcore.dll
0x00007ffe97c70000 - 0x00007ffe983f0000 	C:\Windows\System32\windows.storage.dll
0x00007ffe97490000 - 0x00007ffe974b3000 	C:\Windows\System32\profapi.dll
0x00007ffe974e0000 - 0x00007ffe9752a000 	C:\Windows\System32\powrprof.dll
0x00007ffe97480000 - 0x00007ffe97490000 	C:\Windows\System32\UMPDC.dll
0x00007ffe98cb0000 - 0x00007ffe98d02000 	C:\Windows\System32\shlwapi.dll
0x00007ffe97c50000 - 0x00007ffe97c67000 	C:\Windows\System32\cryptsp.dll
0x00007ffe80970000 - 0x00007ffe80989000 	C:\Program Files\Amazon Corretto\jdk11.0.6_10\bin\net.dll
0x00007ffe85e00000 - 0x00007ffe85ef1000 	C:\Windows\SYSTEM32\WINHTTP.dll
0x00007ffe96cf0000 - 0x00007ffe96d57000 	C:\Windows\system32\mswsock.dll
0x00007ffe7f160000 - 0x00007ffe7f172000 	C:\Program Files\Amazon Corretto\jdk11.0.6_10\bin\nio.dll
0x00007ffe72e60000 - 0x00007ffe72e86000 	C:\Users\Z\.gradle\native\30\windows-amd64\native-platform.dll
0x00007ffe8cb20000 - 0x00007ffe8cb29000 	C:\Program Files\Amazon Corretto\jdk11.0.6_10\bin\management.dll
0x00007ffe8c760000 - 0x00007ffe8c76b000 	C:\Program Files\Amazon Corretto\jdk11.0.6_10\bin\management_ext.dll
0x00007ffe96860000 - 0x00007ffe96893000 	C:\Windows\system32\rsaenh.dll
0x00007ffe98640000 - 0x00007ffe98666000 	C:\Windows\System32\bcrypt.dll
0x00007ffe973a0000 - 0x00007ffe973c5000 	C:\Windows\SYSTEM32\USERENV.dll
0x00007ffe96ec0000 - 0x00007ffe96ecc000 	C:\Windows\SYSTEM32\CRYPTBASE.dll
0x00007ffe96a00000 - 0x00007ffe96a3a000 	C:\Windows\SYSTEM32\IPHLPAPI.DLL
0x00007ffe99c70000 - 0x00007ffe99c78000 	C:\Windows\System32\NSI.dll
0x00007ffe8e630000 - 0x00007ffe8e646000 	C:\Windows\SYSTEM32\dhcpcsvc6.DLL
0x00007ffe8e610000 - 0x00007ffe8e62c000 	C:\Windows\SYSTEM32\dhcpcsvc.DLL
0x00007ffe96a40000 - 0x00007ffe96b0a000 	C:\Windows\SYSTEM32\DNSAPI.dll

dbghelp: loaded successfully - version: 4.0.5 - missing functions: none
symbol engine: initialized successfully - sym options: 0x614 - pdb path: .;C:\Program Files\Amazon Corretto\jdk11.0.6_10\bin;C:\Windows\SYSTEM32;C:\Windows\WinSxS\amd64_microsoft.windows.common-controls_6595b64144ccf1df_6.0.18362.719_none_e6c7b883130c6729;C:\Program Files\Amazon Corretto\jdk11.0.6_10\bin\server;C:\Users\Z\.gradle\native\30\windows-amd64

VM Arguments:
jvm_args: --add-opens=java.base/java.util=ALL-UNNAMED --add-opens=java.base/java.lang=ALL-UNNAMED --add-opens=java.base/java.lang.invoke=ALL-UNNAMED --add-opens=java.prefs/java.util.prefs=ALL-UNNAMED -Xmx1536m -Dfile.encoding=windows-1252 -Duser.country=US -Duser.language=en -Duser.variant 
java_command: org.gradle.launcher.daemon.bootstrap.GradleDaemon 5.6.4
java_class_path (initial): C:\Users\Z\.gradle\wrapper\dists\gradle-5.6.4-all\ankdp27end7byghfw1q2sw75f\gradle-5.6.4\lib\gradle-launcher-5.6.4.jar
Launcher Type: SUN_STANDARD

[Global flags]
     intx CICompilerCount                          = 3                                         {product} {ergonomic}
     uint ConcGCThreads                            = 1                                         {product} {ergonomic}
     uint G1ConcRefinementThreads                  = 4                                         {product} {ergonomic}
   size_t G1HeapRegionSize                         = 1048576                                   {product} {ergonomic}
    uintx GCDrainStackTargetSize                   = 64                                        {product} {ergonomic}
   size_t InitialHeapSize                          = 130023424                                 {product} {ergonomic}
   size_t MarkStackSize                            = 4194304                                   {product} {ergonomic}
   size_t MaxHeapSize                              = 1610612736                                {product} {command line}
   size_t MaxNewSize                               = 965738496                                 {product} {ergonomic}
   size_t MinHeapDeltaBytes                        = 1048576                                   {product} {ergonomic}
    uintx NonNMethodCodeHeapSize                   = 5830732                                {pd product} {ergonomic}
    uintx NonProfiledCodeHeapSize                  = 122913754                              {pd product} {ergonomic}
    uintx ProfiledCodeHeapSize                     = 122913754                              {pd product} {ergonomic}
    uintx ReservedCodeCacheSize                    = 251658240                              {pd product} {ergonomic}
     bool SegmentedCodeCache                       = true                                      {product} {ergonomic}
     bool UseCompressedClassPointers               = true                                 {lp64_product} {ergonomic}
     bool UseCompressedOops                        = true                                 {lp64_product} {ergonomic}
     bool UseG1GC                                  = true                                      {product} {ergonomic}
     bool UseLargePagesIndividualAllocation        = false                                  {pd product} {ergonomic}

Logging:
Log output configuration:
 #0: stdout all=warning uptime,level,tags
 #1: stderr all=off uptime,level,tags

Environment Variables:
JAVA_HOME=C:\Program Files\Amazon Corretto\jdk11.0.6_10
PATH=C:\Program Files\Amazon Corretto\jdk11.0.6_10\bin;C:\Windows\system32;C:\Windows;C:\Windows\System32\Wbem;C:\Windows\System32\WindowsPowerShell\v1.0\;C:\Windows\System32\OpenSSH\;C:\Program Files\SourceGear\Common\DiffMerge\;C:\Users\Z\AppData\Local\Programs\Python\Python38-32\Scripts\;C:\Users\Z\AppData\Local\Programs\Python\Python38-32\;C:\Users\Z\AppData\Local\Microsoft\WindowsApps;C:\Users\Z\AppData\Local\GitHubDesktop\bin
USERNAME=Z
OS=Windows_NT
PROCESSOR_IDENTIFIER=Intel64 Family 6 Model 158 Stepping 9, GenuineIntel



---------------  S Y S T E M  ---------------

OS: Windows 10 , 64 bit Build 18362 (10.0.18362.329)

CPU:total 4 (initial active 4) (4 cores per cpu, 1 threads per core) family 6 model 158 stepping 9, cmov, cx8, fxsr, mmx, sse, sse2, sse3, ssse3, sse4.1, sse4.2, popcnt, avx, avx2, aes, clmul, erms, 3dnowpref, lzcnt, tsc, tscinvbit, bmi1, bmi2, adx, fma

Memory: 4k page, system-wide physical 7829M (273M free)
TotalPageFile size 23019M (AvailPageFile size 3M)
current process WorkingSet (physical memory assigned to process): 150M, peak: 392M
current process commit charge ("private bytes"): 458M, peak: 463M

vm_info: OpenJDK 64-Bit Server VM (11.0.6+10-LTS) for windows-amd64 JRE (11.0.6+10-LTS), built on Jan 10 2020 02:02:53 by "Administrator" with unknown MS VC++:1916

END.
